<?xml version="1.0" encoding="UTF-8"?>
<!-- Generated by org.testng.reporters.JUnitXMLReporter -->
<testsuite ignored="0" hostname="LAPTOP-0D7RRA48" failures="0" tests="4" name="TestN" time="12.593" errors="0" timestamp="2022-04-01T21:52:42 EDT">
  <testcase classname="testlayer.LoginPage" name="VerifyTitle" time="0.009"/>
  <testcase classname="testlayer.LoginPage" name="Login" time="0.172"/>
  <testcase classname="testlayer.LoginPage" name="Login" time="0.335"/>
  <testcase classname="testlayer.LoginPage" name="Login" time="0.269"/>
</testsuite> <!-- TestN -->
