<?xml version="1.0" encoding="UTF-8"?>
<!-- Generated by org.testng.reporters.JUnitXMLReporter -->
<testsuite ignored="0" hostname="LAPTOP-0D7RRA48" failures="0" tests="4" name="Default test" time="15.308" errors="0" timestamp="2022-04-01T21:27:41 EDT">
  <testcase classname="testlayer.LoginPage" name="VerifyTitle" time="0.012"/>
  <testcase classname="testlayer.LoginPage" name="Login" time="0.204"/>
  <testcase classname="testlayer.LoginPage" name="Login" time="0.204"/>
  <testcase classname="testlayer.LoginPage" name="Login" time="0.199"/>
</testsuite> <!-- Default test -->
