<?xml version="1.0" encoding="UTF-8"?>
<testng-results ignored="0" total="4" passed="4" failed="0" skipped="0">
  <reporter-output>
  </reporter-output>
  <suite started-at="2022-04-01T21:52:29 EDT" name="OrangeHRM" finished-at="2022-04-01T21:52:42 EDT" duration-ms="12593">
    <groups>
    </groups>
    <test started-at="2022-04-01T21:52:29 EDT" name="TestN" finished-at="2022-04-01T21:52:42 EDT" duration-ms="12593">
      <class name="testlayer.LoginPage">
        <test-method is-config="true" signature="setup()[pri:0, instance:testlayer.LoginPage@3911c2a7]" started-at="2022-04-01T21:52:29 EDT" name="setup" finished-at="2022-04-01T21:52:32 EDT" duration-ms="2793" status="PASS">
          <reporter-output>
          </reporter-output>
        </test-method> <!-- setup -->
        <test-method signature="VerifyTitle()[pri:1, instance:testlayer.LoginPage@3911c2a7]" started-at="2022-04-01T21:52:32 EDT" name="VerifyTitle" finished-at="2022-04-01T21:52:32 EDT" duration-ms="9" status="PASS">
          <reporter-output>
          </reporter-output>
        </test-method> <!-- VerifyTitle -->
        <test-method is-config="true" signature="setup()[pri:0, instance:testlayer.LoginPage@3911c2a7]" started-at="2022-04-01T21:52:32 EDT" name="setup" finished-at="2022-04-01T21:52:34 EDT" duration-ms="1849" status="PASS">
          <reporter-output>
          </reporter-output>
        </test-method> <!-- setup -->
        <test-method signature="Login(java.lang.String,java.lang.String)[pri:2, instance:testlayer.LoginPage@3911c2a7]" started-at="2022-04-01T21:52:34 EDT" name="Login" data-provider="Details" finished-at="2022-04-01T21:52:34 EDT" duration-ms="172" status="PASS">
          <params>
            <param index="0">
              <value>
                <![CDATA[Admin]]>
              </value>
            </param>
            <param index="1">
              <value>
                <![CDATA[admin123]]>
              </value>
            </param>
          </params>
          <reporter-output>
          </reporter-output>
        </test-method> <!-- Login -->
        <test-method is-config="true" signature="setup()[pri:0, instance:testlayer.LoginPage@3911c2a7]" started-at="2022-04-01T21:52:34 EDT" name="setup" finished-at="2022-04-01T21:52:37 EDT" duration-ms="2313" status="PASS">
          <reporter-output>
          </reporter-output>
        </test-method> <!-- setup -->
        <test-method signature="Login(java.lang.String,java.lang.String)[pri:2, instance:testlayer.LoginPage@3911c2a7]" started-at="2022-04-01T21:52:37 EDT" name="Login" data-provider="Details" finished-at="2022-04-01T21:52:37 EDT" duration-ms="335" status="PASS">
          <params>
            <param index="0">
              <value>
                <![CDATA[abi]]>
              </value>
            </param>
            <param index="1">
              <value>
                <![CDATA[abi123]]>
              </value>
            </param>
          </params>
          <reporter-output>
          </reporter-output>
        </test-method> <!-- Login -->
        <test-method is-config="true" signature="setup()[pri:0, instance:testlayer.LoginPage@3911c2a7]" started-at="2022-04-01T21:52:37 EDT" name="setup" finished-at="2022-04-01T21:52:41 EDT" duration-ms="4091" status="PASS">
          <reporter-output>
          </reporter-output>
        </test-method> <!-- setup -->
        <test-method signature="Login(java.lang.String,java.lang.String)[pri:2, instance:testlayer.LoginPage@3911c2a7]" started-at="2022-04-01T21:52:41 EDT" name="Login" data-provider="Details" finished-at="2022-04-01T21:52:42 EDT" duration-ms="269" status="PASS">
          <params>
            <param index="0">
              <value>
                <![CDATA[ivf]]>
              </value>
            </param>
            <param index="1">
              <value>
                <![CDATA[1234.0]]>
              </value>
            </param>
          </params>
          <reporter-output>
          </reporter-output>
        </test-method> <!-- Login -->
      </class> <!-- testlayer.LoginPage -->
    </test> <!-- TestN -->
  </suite> <!-- OrangeHRM -->
</testng-results>
